[2022-02-28 19:30:41,914] INFO [Broker id=3] Add 55 partitions and deleted 0 partitions from metadata cache in response to UpdateMetadata request sent by controller 1 epoch 9 with correlation id 0 (state.change.logger)
[2022-02-28 19:30:41,965] INFO [Broker id=3] Handling LeaderAndIsr request correlationId 1 from controller 1 for 20 partitions (state.change.logger)
[2022-02-28 19:30:42,064] ERROR [Broker id=3] Received LeaderAndIsrRequest with correlation id 1 from controller 1 epoch 9 for partition __consumer_offsets-37 (last update controller epoch 9) but cannot become follower since the new leader -1 is unavailable. (state.change.logger)
[2022-02-28 19:30:42,073] ERROR [Broker id=3] Received LeaderAndIsrRequest with correlation id 1 from controller 1 epoch 9 for partition __consumer_offsets-7 (last update controller epoch 9) but cannot become follower since the new leader -1 is unavailable. (state.change.logger)
[2022-02-28 19:30:42,073] ERROR [Broker id=3] Received LeaderAndIsrRequest with correlation id 1 from controller 1 epoch 9 for partition __consumer_offsets-22 (last update controller epoch 9) but cannot become follower since the new leader -1 is unavailable. (state.change.logger)
[2022-02-28 19:30:42,096] INFO [Broker id=3] Follower topic02-0 starts at leader epoch 7 from offset 754496 with high watermark 754496. Previous leader epoch was 5. (state.change.logger)
[2022-02-28 19:30:42,096] ERROR [Broker id=3] Received LeaderAndIsrRequest with correlation id 1 from controller 1 epoch 9 for partition __consumer_offsets-10 (last update controller epoch 9) but cannot become follower since the new leader -1 is unavailable. (state.change.logger)
[2022-02-28 19:30:42,096] INFO [Broker id=3] Follower topic02-2 starts at leader epoch 7 from offset 508515 with high watermark 508515. Previous leader epoch was 5. (state.change.logger)
[2022-02-28 19:30:42,096] ERROR [Broker id=3] Received LeaderAndIsrRequest with correlation id 1 from controller 1 epoch 9 for partition __consumer_offsets-31 (last update controller epoch 9) but cannot become follower since the new leader -1 is unavailable. (state.change.logger)
[2022-02-28 19:30:42,096] ERROR [Broker id=3] Received LeaderAndIsrRequest with correlation id 1 from controller 1 epoch 9 for partition __consumer_offsets-46 (last update controller epoch 9) but cannot become follower since the new leader -1 is unavailable. (state.change.logger)
[2022-02-28 19:30:42,096] ERROR [Broker id=3] Received LeaderAndIsrRequest with correlation id 1 from controller 1 epoch 9 for partition __consumer_offsets-1 (last update controller epoch 9) but cannot become follower since the new leader -1 is unavailable. (state.change.logger)
[2022-02-28 19:30:42,096] ERROR [Broker id=3] Received LeaderAndIsrRequest with correlation id 1 from controller 1 epoch 9 for partition __consumer_offsets-16 (last update controller epoch 9) but cannot become follower since the new leader -1 is unavailable. (state.change.logger)
[2022-02-28 19:30:42,096] ERROR [Broker id=3] Received LeaderAndIsrRequest with correlation id 1 from controller 1 epoch 9 for partition __consumer_offsets-19 (last update controller epoch 9) but cannot become follower since the new leader -1 is unavailable. (state.change.logger)
[2022-02-28 19:30:42,096] ERROR [Broker id=3] Received LeaderAndIsrRequest with correlation id 1 from controller 1 epoch 9 for partition __consumer_offsets-34 (last update controller epoch 9) but cannot become follower since the new leader -1 is unavailable. (state.change.logger)
[2022-02-28 19:30:42,096] ERROR [Broker id=3] Received LeaderAndIsrRequest with correlation id 1 from controller 1 epoch 9 for partition __consumer_offsets-4 (last update controller epoch 9) but cannot become follower since the new leader -1 is unavailable. (state.change.logger)
[2022-02-28 19:30:42,096] ERROR [Broker id=3] Received LeaderAndIsrRequest with correlation id 1 from controller 1 epoch 9 for partition __consumer_offsets-25 (last update controller epoch 9) but cannot become follower since the new leader -1 is unavailable. (state.change.logger)
[2022-02-28 19:30:42,097] ERROR [Broker id=3] Received LeaderAndIsrRequest with correlation id 1 from controller 1 epoch 9 for partition __consumer_offsets-40 (last update controller epoch 9) but cannot become follower since the new leader -1 is unavailable. (state.change.logger)
[2022-02-28 19:30:42,097] ERROR [Broker id=3] Received LeaderAndIsrRequest with correlation id 1 from controller 1 epoch 9 for partition __consumer_offsets-43 (last update controller epoch 9) but cannot become follower since the new leader -1 is unavailable. (state.change.logger)
[2022-02-28 19:30:42,097] INFO [Broker id=3] Follower topic02-1 starts at leader epoch 6 from offset 737273 with high watermark 737273. Previous leader epoch was 4. (state.change.logger)
[2022-02-28 19:30:42,097] ERROR [Broker id=3] Received LeaderAndIsrRequest with correlation id 1 from controller 1 epoch 9 for partition __consumer_offsets-13 (last update controller epoch 9) but cannot become follower since the new leader -1 is unavailable. (state.change.logger)
[2022-02-28 19:30:42,097] ERROR [Broker id=3] Received LeaderAndIsrRequest with correlation id 1 from controller 1 epoch 9 for partition __consumer_offsets-28 (last update controller epoch 9) but cannot become follower since the new leader -1 is unavailable. (state.change.logger)
[2022-02-28 19:30:42,097] ERROR [Broker id=3] Received LeaderAndIsrRequest with correlation id 1 from controller 1 epoch 9 for partition __consumer_offsets-49 (last update controller epoch 9) but cannot become follower since the new leader -1 is unavailable. (state.change.logger)
[2022-02-28 19:30:42,188] INFO [Broker id=3] Stopped fetchers as part of become-follower request from controller 1 epoch 9 with correlation id 1 for 3 partitions (state.change.logger)
[2022-02-28 19:30:42,322] INFO [Broker id=3] Finished LeaderAndIsr request in 366ms correlationId 1 from controller 1 for 20 partitions (state.change.logger)
[2022-02-28 19:30:42,333] INFO [Broker id=3] Add 37 partitions and deleted 0 partitions from metadata cache in response to UpdateMetadata request sent by controller 1 epoch 9 with correlation id 2 (state.change.logger)
[2022-02-28 19:30:42,334] INFO [Broker id=3] Handling LeaderAndIsr request correlationId 3 from controller 1 for 17 partitions (state.change.logger)
[2022-02-28 19:30:42,372] INFO [Broker id=3] Stopped fetchers as part of LeaderAndIsr request correlationId 3 from controller 1 epoch 9 as part of the become-leader transition for 17 partitions (state.change.logger)
[2022-02-28 19:30:42,373] INFO [Broker id=3] Leader __consumer_offsets-37 starts at leader epoch 6 from offset 0 with high watermark 0 ISR [3] addingReplicas [] removingReplicas []. Previous leader epoch was 4. (state.change.logger)
[2022-02-28 19:30:42,475] INFO [Broker id=3] Skipped the become-leader state change after marking its partition as leader with correlation id 3 from controller 1 epoch 9 for partition __consumer_offsets-37 (last update controller epoch 9) since it is already the leader for the partition. (state.change.logger)
[2022-02-28 19:30:42,475] INFO [Broker id=3] Leader __consumer_offsets-7 starts at leader epoch 6 from offset 0 with high watermark 0 ISR [3] addingReplicas [] removingReplicas []. Previous leader epoch was 4. (state.change.logger)
[2022-02-28 19:30:42,688] INFO [Broker id=3] Skipped the become-leader state change after marking its partition as leader with correlation id 3 from controller 1 epoch 9 for partition __consumer_offsets-7 (last update controller epoch 9) since it is already the leader for the partition. (state.change.logger)
[2022-02-28 19:30:42,688] INFO [Broker id=3] Leader __consumer_offsets-22 starts at leader epoch 6 from offset 3 with high watermark 3 ISR [3] addingReplicas [] removingReplicas []. Previous leader epoch was 4. (state.change.logger)
[2022-02-28 19:30:42,768] INFO [Broker id=3] Skipped the become-leader state change after marking its partition as leader with correlation id 3 from controller 1 epoch 9 for partition __consumer_offsets-22 (last update controller epoch 9) since it is already the leader for the partition. (state.change.logger)
[2022-02-28 19:30:42,768] INFO [Broker id=3] Leader __consumer_offsets-10 starts at leader epoch 6 from offset 4159 with high watermark 4159 ISR [3] addingReplicas [] removingReplicas []. Previous leader epoch was 4. (state.change.logger)
[2022-02-28 19:30:42,898] INFO [Broker id=3] Skipped the become-leader state change after marking its partition as leader with correlation id 3 from controller 1 epoch 9 for partition __consumer_offsets-10 (last update controller epoch 9) since it is already the leader for the partition. (state.change.logger)
[2022-02-28 19:30:42,898] INFO [Broker id=3] Leader __consumer_offsets-31 starts at leader epoch 6 from offset 0 with high watermark 0 ISR [3] addingReplicas [] removingReplicas []. Previous leader epoch was 4. (state.change.logger)
[2022-02-28 19:30:42,930] INFO [Broker id=3] Skipped the become-leader state change after marking its partition as leader with correlation id 3 from controller 1 epoch 9 for partition __consumer_offsets-31 (last update controller epoch 9) since it is already the leader for the partition. (state.change.logger)
[2022-02-28 19:30:42,931] INFO [Broker id=3] Leader __consumer_offsets-46 starts at leader epoch 6 from offset 0 with high watermark 0 ISR [3] addingReplicas [] removingReplicas []. Previous leader epoch was 4. (state.change.logger)
[2022-02-28 19:30:42,962] INFO [Broker id=3] Skipped the become-leader state change after marking its partition as leader with correlation id 3 from controller 1 epoch 9 for partition __consumer_offsets-46 (last update controller epoch 9) since it is already the leader for the partition. (state.change.logger)
[2022-02-28 19:30:42,963] INFO [Broker id=3] Leader __consumer_offsets-1 starts at leader epoch 6 from offset 1 with high watermark 1 ISR [3] addingReplicas [] removingReplicas []. Previous leader epoch was 4. (state.change.logger)
[2022-02-28 19:30:43,006] INFO [Broker id=3] Skipped the become-leader state change after marking its partition as leader with correlation id 3 from controller 1 epoch 9 for partition __consumer_offsets-1 (last update controller epoch 9) since it is already the leader for the partition. (state.change.logger)
[2022-02-28 19:30:43,006] INFO [Broker id=3] Leader __consumer_offsets-16 starts at leader epoch 6 from offset 5 with high watermark 5 ISR [3] addingReplicas [] removingReplicas []. Previous leader epoch was 4. (state.change.logger)
[2022-02-28 19:30:43,074] INFO [Broker id=3] Skipped the become-leader state change after marking its partition as leader with correlation id 3 from controller 1 epoch 9 for partition __consumer_offsets-16 (last update controller epoch 9) since it is already the leader for the partition. (state.change.logger)
[2022-02-28 19:30:43,074] INFO [Broker id=3] Leader __consumer_offsets-19 starts at leader epoch 6 from offset 0 with high watermark 0 ISR [3] addingReplicas [] removingReplicas []. Previous leader epoch was 4. (state.change.logger)
[2022-02-28 19:30:43,165] INFO [Broker id=3] Skipped the become-leader state change after marking its partition as leader with correlation id 3 from controller 1 epoch 9 for partition __consumer_offsets-19 (last update controller epoch 9) since it is already the leader for the partition. (state.change.logger)
[2022-02-28 19:30:43,166] INFO [Broker id=3] Leader __consumer_offsets-34 starts at leader epoch 6 from offset 0 with high watermark 0 ISR [3] addingReplicas [] removingReplicas []. Previous leader epoch was 4. (state.change.logger)
[2022-02-28 19:30:43,224] INFO [Broker id=3] Skipped the become-leader state change after marking its partition as leader with correlation id 3 from controller 1 epoch 9 for partition __consumer_offsets-34 (last update controller epoch 9) since it is already the leader for the partition. (state.change.logger)
[2022-02-28 19:30:43,224] INFO [Broker id=3] Leader __consumer_offsets-4 starts at leader epoch 6 from offset 3 with high watermark 3 ISR [3] addingReplicas [] removingReplicas []. Previous leader epoch was 4. (state.change.logger)
[2022-02-28 19:30:43,472] INFO [Broker id=3] Skipped the become-leader state change after marking its partition as leader with correlation id 3 from controller 1 epoch 9 for partition __consumer_offsets-4 (last update controller epoch 9) since it is already the leader for the partition. (state.change.logger)
[2022-02-28 19:30:43,473] INFO [Broker id=3] Leader __consumer_offsets-25 starts at leader epoch 6 from offset 3 with high watermark 3 ISR [3] addingReplicas [] removingReplicas []. Previous leader epoch was 4. (state.change.logger)
[2022-02-28 19:30:43,806] INFO [Broker id=3] Skipped the become-leader state change after marking its partition as leader with correlation id 3 from controller 1 epoch 9 for partition __consumer_offsets-25 (last update controller epoch 9) since it is already the leader for the partition. (state.change.logger)
[2022-02-28 19:30:43,806] INFO [Broker id=3] Leader __consumer_offsets-40 starts at leader epoch 6 from offset 0 with high watermark 0 ISR [3] addingReplicas [] removingReplicas []. Previous leader epoch was 4. (state.change.logger)
[2022-02-28 19:30:44,240] INFO [Broker id=3] Skipped the become-leader state change after marking its partition as leader with correlation id 3 from controller 1 epoch 9 for partition __consumer_offsets-40 (last update controller epoch 9) since it is already the leader for the partition. (state.change.logger)
[2022-02-28 19:30:44,240] INFO [Broker id=3] Leader __consumer_offsets-43 starts at leader epoch 6 from offset 0 with high watermark 0 ISR [3] addingReplicas [] removingReplicas []. Previous leader epoch was 4. (state.change.logger)
[2022-02-28 19:30:44,339] INFO [Broker id=3] Skipped the become-leader state change after marking its partition as leader with correlation id 3 from controller 1 epoch 9 for partition __consumer_offsets-43 (last update controller epoch 9) since it is already the leader for the partition. (state.change.logger)
[2022-02-28 19:30:44,340] INFO [Broker id=3] Leader __consumer_offsets-13 starts at leader epoch 6 from offset 3 with high watermark 3 ISR [3] addingReplicas [] removingReplicas []. Previous leader epoch was 4. (state.change.logger)
[2022-02-28 19:30:44,579] INFO [Broker id=3] Skipped the become-leader state change after marking its partition as leader with correlation id 3 from controller 1 epoch 9 for partition __consumer_offsets-13 (last update controller epoch 9) since it is already the leader for the partition. (state.change.logger)
[2022-02-28 19:30:44,579] INFO [Broker id=3] Leader __consumer_offsets-28 starts at leader epoch 6 from offset 0 with high watermark 0 ISR [3] addingReplicas [] removingReplicas []. Previous leader epoch was 4. (state.change.logger)
[2022-02-28 19:30:44,720] INFO [Broker id=3] Skipped the become-leader state change after marking its partition as leader with correlation id 3 from controller 1 epoch 9 for partition __consumer_offsets-28 (last update controller epoch 9) since it is already the leader for the partition. (state.change.logger)
[2022-02-28 19:30:44,720] INFO [Broker id=3] Leader __consumer_offsets-49 starts at leader epoch 6 from offset 0 with high watermark 0 ISR [3] addingReplicas [] removingReplicas []. Previous leader epoch was 4. (state.change.logger)
[2022-02-28 19:30:44,828] INFO [Broker id=3] Skipped the become-leader state change after marking its partition as leader with correlation id 3 from controller 1 epoch 9 for partition __consumer_offsets-49 (last update controller epoch 9) since it is already the leader for the partition. (state.change.logger)
[2022-02-28 19:30:44,829] INFO [Broker id=3] Finished LeaderAndIsr request in 2494ms correlationId 3 from controller 1 for 17 partitions (state.change.logger)
[2022-02-28 19:30:44,830] INFO [Broker id=3] Add 34 partitions and deleted 0 partitions from metadata cache in response to UpdateMetadata request sent by controller 1 epoch 9 with correlation id 4 (state.change.logger)
[2022-02-28 19:30:44,832] INFO [Broker id=3] Add 1 partitions and deleted 0 partitions from metadata cache in response to UpdateMetadata request sent by controller 1 epoch 9 with correlation id 5 (state.change.logger)
[2022-02-28 19:30:44,834] INFO [Broker id=3] Add 2 partitions and deleted 0 partitions from metadata cache in response to UpdateMetadata request sent by controller 1 epoch 9 with correlation id 6 (state.change.logger)
[2022-02-28 19:30:44,841] INFO [Broker id=3] Add 1 partitions and deleted 0 partitions from metadata cache in response to UpdateMetadata request sent by controller 1 epoch 9 with correlation id 7 (state.change.logger)
[2022-02-28 19:30:44,842] INFO [Broker id=3] Add 2 partitions and deleted 0 partitions from metadata cache in response to UpdateMetadata request sent by controller 1 epoch 9 with correlation id 8 (state.change.logger)
