[2022-02-28 19:30:31,639] INFO [GroupCoordinator 1]: Member consumer-groupId-02-8-ee90d283-77f5-4c22-975c-fa7a15223a1d in group groupId-02 has failed, removing it from the group (kafka.coordinator.group.GroupCoordinator)
[2022-02-28 19:30:33,378] WARN Client session timed out, have not heard from server in 4189709ms for session id 0x100b5f900320004 (org.apache.zookeeper.ClientCnxn)
[2022-02-28 19:30:31,805] WARN Attempting to send response via channel for which there is no open connection, connection id 127.0.0.1:9092-127.0.0.1:51571-82 (kafka.network.Processor)
[2022-02-28 19:30:31,805] WARN Attempting to send response via channel for which there is no open connection, connection id 127.0.0.1:9092-127.0.0.1:51575-82 (kafka.network.Processor)
[2022-02-28 19:30:34,323] WARN Session 0x100b5f900320004 for sever localhost/127.0.0.1:2181, Closing socket connection. Attempting reconnect except it is a SessionExpiredException. (org.apache.zookeeper.ClientCnxn)
org.apache.zookeeper.ClientCnxn$SessionTimeoutException: Client session timed out, have not heard from server in 4189709ms for session id 0x100b5f900320004
	at org.apache.zookeeper.ClientCnxn$SendThread.run(ClientCnxn.java:1258)
[2022-02-28 19:30:34,097] INFO [GroupCoordinator 1]: Preparing to rebalance group groupId-02 in state PreparingRebalance with old generation 75 (__consumer_offsets-11) (reason: removing member consumer-groupId-02-8-ee90d283-77f5-4c22-975c-fa7a15223a1d on heartbeat expiration) (kafka.coordinator.group.GroupCoordinator)
[2022-02-28 19:30:34,496] INFO [GroupCoordinator 1]: Group groupId-02 with generation 76 is now empty (__consumer_offsets-11) (kafka.coordinator.group.GroupCoordinator)
[2022-02-28 19:30:35,550] INFO Opening socket connection to server localhost/0:0:0:0:0:0:0:1:2183. (org.apache.zookeeper.ClientCnxn)
[2022-02-28 19:30:35,561] INFO SASL config status: Will not attempt to authenticate using SASL (unknown error) (org.apache.zookeeper.ClientCnxn)
[2022-02-28 19:30:36,090] INFO Socket connection established, initiating session, client: /0:0:0:0:0:0:0:1:54341, server: localhost/0:0:0:0:0:0:0:1:2183 (org.apache.zookeeper.ClientCnxn)
[2022-02-28 19:30:36,126] INFO [GroupCoordinator 1]: Dynamic member with unknown member id joins group groupId-02 in Empty state. Created a new member id consumer-groupId-02-8-a49d2a52-aeec-4b02-a826-578622bb8e2b and request the member to rejoin with this id. (kafka.coordinator.group.GroupCoordinator)
[2022-02-28 19:30:36,581] INFO [GroupCoordinator 1]: Preparing to rebalance group groupId-02 in state PreparingRebalance with old generation 76 (__consumer_offsets-11) (reason: Adding new member consumer-groupId-02-8-a49d2a52-aeec-4b02-a826-578622bb8e2b with group instance id None) (kafka.coordinator.group.GroupCoordinator)
[2022-02-28 19:30:36,704] INFO [GroupCoordinator 1]: Stabilized group groupId-02 generation 77 (__consumer_offsets-11) with 1 members (kafka.coordinator.group.GroupCoordinator)
[2022-02-28 19:30:36,754] INFO [GroupCoordinator 1]: Assignment received from leader consumer-groupId-02-8-a49d2a52-aeec-4b02-a826-578622bb8e2b for group groupId-02 for generation 77. The group has 1 members, 0 of which are static. (kafka.coordinator.group.GroupCoordinator)
[2022-02-28 19:30:38,166] WARN Session 0x100b5f900320004 for sever localhost/0:0:0:0:0:0:0:1:2183, Closing socket connection. Attempting reconnect except it is a SessionExpiredException. (org.apache.zookeeper.ClientCnxn)
EndOfStreamException: Unable to read additional data from server sessionid 0x100b5f900320004, likely server has closed socket
	at org.apache.zookeeper.ClientCnxnSocketNIO.doIO(ClientCnxnSocketNIO.java:77)
	at org.apache.zookeeper.ClientCnxnSocketNIO.doTransport(ClientCnxnSocketNIO.java:350)
	at org.apache.zookeeper.ClientCnxn$SendThread.run(ClientCnxn.java:1290)
[2022-02-28 19:30:39,088] INFO Opening socket connection to server localhost/0:0:0:0:0:0:0:1:2182. (org.apache.zookeeper.ClientCnxn)
[2022-02-28 19:30:39,088] INFO SASL config status: Will not attempt to authenticate using SASL (unknown error) (org.apache.zookeeper.ClientCnxn)
[2022-02-28 19:30:39,136] INFO Socket connection established, initiating session, client: /0:0:0:0:0:0:0:1:49690, server: localhost/0:0:0:0:0:0:0:1:2182 (org.apache.zookeeper.ClientCnxn)
[2022-02-28 19:30:39,483] WARN Unable to reconnect to ZooKeeper service, session 0x100b5f900320004 has expired (org.apache.zookeeper.ClientCnxn)
[2022-02-28 19:30:39,484] INFO EventThread shut down for session: 0x100b5f900320004 (org.apache.zookeeper.ClientCnxn)
[2022-02-28 19:30:39,486] WARN Session 0x100b5f900320004 for sever localhost/0:0:0:0:0:0:0:1:2182, Closing socket connection. Attempting reconnect except it is a SessionExpiredException. (org.apache.zookeeper.ClientCnxn)
org.apache.zookeeper.ClientCnxn$SessionExpiredException: Unable to reconnect to ZooKeeper service, session 0x100b5f900320004 has expired
	at org.apache.zookeeper.ClientCnxn$SendThread.onConnected(ClientCnxn.java:1434)
	at org.apache.zookeeper.ClientCnxnSocket.readConnectResult(ClientCnxnSocket.java:154)
	at org.apache.zookeeper.ClientCnxnSocketNIO.doIO(ClientCnxnSocketNIO.java:86)
	at org.apache.zookeeper.ClientCnxnSocketNIO.doTransport(ClientCnxnSocketNIO.java:350)
	at org.apache.zookeeper.ClientCnxn$SendThread.run(ClientCnxn.java:1290)
[2022-02-28 19:30:39,526] INFO [ZooKeeperClient Kafka server] Session expired. (kafka.zookeeper.ZooKeeperClient)
[2022-02-28 19:30:39,537] INFO [ZooKeeperClient Kafka server] Initializing a new session to localhost:2181,localhost:2182,localhost:2183. (kafka.zookeeper.ZooKeeperClient)
[2022-02-28 19:30:39,537] INFO Initiating client connection, connectString=localhost:2181,localhost:2182,localhost:2183 sessionTimeout=18000 watcher=kafka.zookeeper.ZooKeeperClient$ZooKeeperClientWatcher$@459e9125 (org.apache.zookeeper.ZooKeeper)
[2022-02-28 19:30:39,598] INFO jute.maxbuffer value is 4194304 Bytes (org.apache.zookeeper.ClientCnxnSocket)
[2022-02-28 19:30:39,605] INFO zookeeper.request.timeout value is 0. feature enabled=false (org.apache.zookeeper.ClientCnxn)
[2022-02-28 19:30:39,640] INFO Opening socket connection to server localhost/127.0.0.1:2182. (org.apache.zookeeper.ClientCnxn)
[2022-02-28 19:30:39,642] INFO SASL config status: Will not attempt to authenticate using SASL (unknown error) (org.apache.zookeeper.ClientCnxn)
[2022-02-28 19:30:39,643] INFO Socket connection established, initiating session, client: /127.0.0.1:49693, server: localhost/127.0.0.1:2182 (org.apache.zookeeper.ClientCnxn)
[2022-02-28 19:30:39,948] INFO Session establishment complete on server localhost/127.0.0.1:2182, session id = 0x200b5f9003c000a, negotiated timeout = 18000 (org.apache.zookeeper.ClientCnxn)
[2022-02-28 19:30:40,024] INFO Creating /brokers/ids/1 (is it secure? false) (kafka.zk.KafkaZkClient)
[2022-02-28 19:30:40,164] INFO Updated cache from existing FinalizedFeaturesAndEpoch(features=Features{}, epoch=0) to latest FinalizedFeaturesAndEpoch(features=Features{}, epoch=0). (kafka.server.FinalizedFeatureCache)
[2022-02-28 19:30:40,253] INFO Stat of the created znode at /brokers/ids/1 is: 4294967732,4294967732,1646056840055,1646056840055,1,0,0,144315269131272202,202,0,4294967732
 (kafka.zk.KafkaZkClient)
[2022-02-28 19:30:40,270] INFO Registered broker 1 at path /brokers/ids/1 with addresses: PLAINTEXT://localhost:9092, czxid (broker epoch): 4294967732 (kafka.zk.KafkaZkClient)
[2022-02-28 19:30:41,496] INFO [ReplicaFetcherManager on broker 1] Removed fetcher for partitions Set(topic02-0, topic02-1, topic02-2) (kafka.server.ReplicaFetcherManager)
[2022-02-28 19:30:42,258] INFO [Partition topic02-0 broker=1] ISR updated to 1,2 and version updated to 12 (kafka.cluster.Partition)
[2022-02-28 19:30:42,291] INFO [Partition topic02-2 broker=1] ISR updated to 1,2 and version updated to 12 (kafka.cluster.Partition)
[2022-02-28 19:30:42,315] INFO [Partition topic02-1 broker=1] ISR updated to 1,2 and version updated to 11 (kafka.cluster.Partition)
[2022-02-28 19:30:42,896] INFO [Partition topic02-0 broker=1] ISR updated to 1,2,3 and version updated to 13 (kafka.cluster.Partition)
[2022-02-28 19:30:42,924] INFO [Partition topic02-2 broker=1] ISR updated to 1,2,3 and version updated to 13 (kafka.cluster.Partition)
[2022-02-28 19:30:42,945] INFO [Partition topic02-1 broker=1] ISR updated to 1,2,3 and version updated to 12 (kafka.cluster.Partition)
[2022-02-28 19:40:43,158] INFO [BrokerToControllerChannelManager broker=1 name=alterIsr] Node 1 disconnected. (org.apache.kafka.clients.NetworkClient)
[2022-02-28 19:59:41,139] INFO [GroupCoordinator 1]: Preparing to rebalance group groupId-02 in state PreparingRebalance with old generation 77 (__consumer_offsets-11) (reason: Removing member consumer-groupId-02-8-a49d2a52-aeec-4b02-a826-578622bb8e2b on LeaveGroup) (kafka.coordinator.group.GroupCoordinator)
[2022-02-28 19:59:41,141] INFO [GroupCoordinator 1]: Group groupId-02 with generation 78 is now empty (__consumer_offsets-11) (kafka.coordinator.group.GroupCoordinator)
[2022-02-28 19:59:41,147] INFO [GroupCoordinator 1]: Member MemberMetadata(memberId=consumer-groupId-02-8-a49d2a52-aeec-4b02-a826-578622bb8e2b, groupInstanceId=None, clientId=consumer-groupId-02-8, clientHost=/127.0.0.1, sessionTimeoutMs=45000, rebalanceTimeoutMs=300000, supportedProtocols=List(range, cooperative-sticky)) has left group groupId-02 through explicit `LeaveGroup` request (kafka.coordinator.group.GroupCoordinator)
