[2022-02-28 19:30:41,899] INFO [Broker id=2] Add 55 partitions and deleted 0 partitions from metadata cache in response to UpdateMetadata request sent by controller 1 epoch 9 with correlation id 0 (state.change.logger)
[2022-02-28 19:30:41,984] INFO [Broker id=2] Handling LeaderAndIsr request correlationId 1 from controller 1 for 20 partitions (state.change.logger)
[2022-02-28 19:30:42,053] ERROR [Broker id=2] Received LeaderAndIsrRequest with correlation id 1 from controller 1 epoch 9 for partition __consumer_offsets-3 (last update controller epoch 9) but cannot become follower since the new leader -1 is unavailable. (state.change.logger)
[2022-02-28 19:30:42,070] ERROR [Broker id=2] Received LeaderAndIsrRequest with correlation id 1 from controller 1 epoch 9 for partition __consumer_offsets-18 (last update controller epoch 9) but cannot become follower since the new leader -1 is unavailable. (state.change.logger)
[2022-02-28 19:30:42,070] ERROR [Broker id=2] Received LeaderAndIsrRequest with correlation id 1 from controller 1 epoch 9 for partition __consumer_offsets-39 (last update controller epoch 9) but cannot become follower since the new leader -1 is unavailable. (state.change.logger)
[2022-02-28 19:30:42,070] ERROR [Broker id=2] Received LeaderAndIsrRequest with correlation id 1 from controller 1 epoch 9 for partition __consumer_offsets-9 (last update controller epoch 9) but cannot become follower since the new leader -1 is unavailable. (state.change.logger)
[2022-02-28 19:30:42,070] ERROR [Broker id=2] Received LeaderAndIsrRequest with correlation id 1 from controller 1 epoch 9 for partition __consumer_offsets-24 (last update controller epoch 9) but cannot become follower since the new leader -1 is unavailable. (state.change.logger)
[2022-02-28 19:30:42,084] INFO [Broker id=2] Follower topic02-0 starts at leader epoch 7 from offset 754496 with high watermark 754496. Previous leader epoch was 5. (state.change.logger)
[2022-02-28 19:30:42,084] ERROR [Broker id=2] Received LeaderAndIsrRequest with correlation id 1 from controller 1 epoch 9 for partition __consumer_offsets-27 (last update controller epoch 9) but cannot become follower since the new leader -1 is unavailable. (state.change.logger)
[2022-02-28 19:30:42,084] ERROR [Broker id=2] Received LeaderAndIsrRequest with correlation id 1 from controller 1 epoch 9 for partition __consumer_offsets-42 (last update controller epoch 9) but cannot become follower since the new leader -1 is unavailable. (state.change.logger)
[2022-02-28 19:30:42,084] INFO [Broker id=2] Follower topic02-2 starts at leader epoch 7 from offset 508515 with high watermark 508515. Previous leader epoch was 5. (state.change.logger)
[2022-02-28 19:30:42,084] ERROR [Broker id=2] Received LeaderAndIsrRequest with correlation id 1 from controller 1 epoch 9 for partition __consumer_offsets-12 (last update controller epoch 9) but cannot become follower since the new leader -1 is unavailable. (state.change.logger)
[2022-02-28 19:30:42,084] ERROR [Broker id=2] Received LeaderAndIsrRequest with correlation id 1 from controller 1 epoch 9 for partition __consumer_offsets-33 (last update controller epoch 9) but cannot become follower since the new leader -1 is unavailable. (state.change.logger)
[2022-02-28 19:30:42,084] ERROR [Broker id=2] Received LeaderAndIsrRequest with correlation id 1 from controller 1 epoch 9 for partition __consumer_offsets-48 (last update controller epoch 9) but cannot become follower since the new leader -1 is unavailable. (state.change.logger)
[2022-02-28 19:30:42,085] ERROR [Broker id=2] Received LeaderAndIsrRequest with correlation id 1 from controller 1 epoch 9 for partition __consumer_offsets-21 (last update controller epoch 9) but cannot become follower since the new leader -1 is unavailable. (state.change.logger)
[2022-02-28 19:30:42,085] ERROR [Broker id=2] Received LeaderAndIsrRequest with correlation id 1 from controller 1 epoch 9 for partition __consumer_offsets-36 (last update controller epoch 9) but cannot become follower since the new leader -1 is unavailable. (state.change.logger)
[2022-02-28 19:30:42,085] ERROR [Broker id=2] Received LeaderAndIsrRequest with correlation id 1 from controller 1 epoch 9 for partition __consumer_offsets-6 (last update controller epoch 9) but cannot become follower since the new leader -1 is unavailable. (state.change.logger)
[2022-02-28 19:30:42,085] INFO [Broker id=2] Follower topic02-1 starts at leader epoch 6 from offset 737273 with high watermark 737273. Previous leader epoch was 4. (state.change.logger)
[2022-02-28 19:30:42,085] ERROR [Broker id=2] Received LeaderAndIsrRequest with correlation id 1 from controller 1 epoch 9 for partition __consumer_offsets-45 (last update controller epoch 9) but cannot become follower since the new leader -1 is unavailable. (state.change.logger)
[2022-02-28 19:30:42,085] ERROR [Broker id=2] Received LeaderAndIsrRequest with correlation id 1 from controller 1 epoch 9 for partition __consumer_offsets-15 (last update controller epoch 9) but cannot become follower since the new leader -1 is unavailable. (state.change.logger)
[2022-02-28 19:30:42,085] ERROR [Broker id=2] Received LeaderAndIsrRequest with correlation id 1 from controller 1 epoch 9 for partition __consumer_offsets-30 (last update controller epoch 9) but cannot become follower since the new leader -1 is unavailable. (state.change.logger)
[2022-02-28 19:30:42,085] ERROR [Broker id=2] Received LeaderAndIsrRequest with correlation id 1 from controller 1 epoch 9 for partition __consumer_offsets-0 (last update controller epoch 9) but cannot become follower since the new leader -1 is unavailable. (state.change.logger)
[2022-02-28 19:30:42,103] INFO [Broker id=2] Stopped fetchers as part of become-follower request from controller 1 epoch 9 with correlation id 1 for 3 partitions (state.change.logger)
[2022-02-28 19:30:42,165] INFO [Broker id=2] Finished LeaderAndIsr request in 184ms correlationId 1 from controller 1 for 20 partitions (state.change.logger)
[2022-02-28 19:30:42,171] INFO [Broker id=2] Add 37 partitions and deleted 0 partitions from metadata cache in response to UpdateMetadata request sent by controller 1 epoch 9 with correlation id 2 (state.change.logger)
[2022-02-28 19:30:42,172] INFO [Broker id=2] Handling LeaderAndIsr request correlationId 3 from controller 1 for 17 partitions (state.change.logger)
[2022-02-28 19:30:42,189] INFO [Broker id=2] Stopped fetchers as part of LeaderAndIsr request correlationId 3 from controller 1 epoch 9 as part of the become-leader transition for 17 partitions (state.change.logger)
[2022-02-28 19:30:42,191] INFO [Broker id=2] Leader __consumer_offsets-3 starts at leader epoch 6 from offset 6 with high watermark 6 ISR [2] addingReplicas [] removingReplicas []. Previous leader epoch was 4. (state.change.logger)
[2022-02-28 19:30:42,300] INFO [Broker id=2] Skipped the become-leader state change after marking its partition as leader with correlation id 3 from controller 1 epoch 9 for partition __consumer_offsets-3 (last update controller epoch 9) since it is already the leader for the partition. (state.change.logger)
[2022-02-28 19:30:42,301] INFO [Broker id=2] Leader __consumer_offsets-18 starts at leader epoch 6 from offset 0 with high watermark 0 ISR [2] addingReplicas [] removingReplicas []. Previous leader epoch was 4. (state.change.logger)
[2022-02-28 19:30:42,386] INFO [Broker id=2] Skipped the become-leader state change after marking its partition as leader with correlation id 3 from controller 1 epoch 9 for partition __consumer_offsets-18 (last update controller epoch 9) since it is already the leader for the partition. (state.change.logger)
[2022-02-28 19:30:42,386] INFO [Broker id=2] Leader __consumer_offsets-39 starts at leader epoch 6 from offset 0 with high watermark 0 ISR [2] addingReplicas [] removingReplicas []. Previous leader epoch was 4. (state.change.logger)
[2022-02-28 19:30:42,463] INFO [Broker id=2] Skipped the become-leader state change after marking its partition as leader with correlation id 3 from controller 1 epoch 9 for partition __consumer_offsets-39 (last update controller epoch 9) since it is already the leader for the partition. (state.change.logger)
[2022-02-28 19:30:42,464] INFO [Broker id=2] Leader __consumer_offsets-9 starts at leader epoch 6 from offset 5 with high watermark 5 ISR [2] addingReplicas [] removingReplicas []. Previous leader epoch was 4. (state.change.logger)
[2022-02-28 19:30:42,689] INFO [Broker id=2] Skipped the become-leader state change after marking its partition as leader with correlation id 3 from controller 1 epoch 9 for partition __consumer_offsets-9 (last update controller epoch 9) since it is already the leader for the partition. (state.change.logger)
[2022-02-28 19:30:42,689] INFO [Broker id=2] Leader __consumer_offsets-24 starts at leader epoch 6 from offset 3 with high watermark 3 ISR [2] addingReplicas [] removingReplicas []. Previous leader epoch was 4. (state.change.logger)
[2022-02-28 19:30:42,724] INFO [Broker id=2] Skipped the become-leader state change after marking its partition as leader with correlation id 3 from controller 1 epoch 9 for partition __consumer_offsets-24 (last update controller epoch 9) since it is already the leader for the partition. (state.change.logger)
[2022-02-28 19:30:42,725] INFO [Broker id=2] Leader __consumer_offsets-27 starts at leader epoch 6 from offset 3 with high watermark 3 ISR [2] addingReplicas [] removingReplicas []. Previous leader epoch was 4. (state.change.logger)
[2022-02-28 19:30:42,883] INFO [Broker id=2] Skipped the become-leader state change after marking its partition as leader with correlation id 3 from controller 1 epoch 9 for partition __consumer_offsets-27 (last update controller epoch 9) since it is already the leader for the partition. (state.change.logger)
[2022-02-28 19:30:42,883] INFO [Broker id=2] Leader __consumer_offsets-42 starts at leader epoch 6 from offset 0 with high watermark 0 ISR [2] addingReplicas [] removingReplicas []. Previous leader epoch was 4. (state.change.logger)
[2022-02-28 19:30:42,931] INFO [Broker id=2] Skipped the become-leader state change after marking its partition as leader with correlation id 3 from controller 1 epoch 9 for partition __consumer_offsets-42 (last update controller epoch 9) since it is already the leader for the partition. (state.change.logger)
[2022-02-28 19:30:42,931] INFO [Broker id=2] Leader __consumer_offsets-12 starts at leader epoch 6 from offset 3 with high watermark 3 ISR [2] addingReplicas [] removingReplicas []. Previous leader epoch was 4. (state.change.logger)
[2022-02-28 19:30:42,963] INFO [Broker id=2] Skipped the become-leader state change after marking its partition as leader with correlation id 3 from controller 1 epoch 9 for partition __consumer_offsets-12 (last update controller epoch 9) since it is already the leader for the partition. (state.change.logger)
[2022-02-28 19:30:42,964] INFO [Broker id=2] Leader __consumer_offsets-33 starts at leader epoch 6 from offset 6 with high watermark 6 ISR [2] addingReplicas [] removingReplicas []. Previous leader epoch was 4. (state.change.logger)
[2022-02-28 19:30:43,030] INFO [Broker id=2] Skipped the become-leader state change after marking its partition as leader with correlation id 3 from controller 1 epoch 9 for partition __consumer_offsets-33 (last update controller epoch 9) since it is already the leader for the partition. (state.change.logger)
[2022-02-28 19:30:43,030] INFO [Broker id=2] Leader __consumer_offsets-48 starts at leader epoch 6 from offset 0 with high watermark 0 ISR [2] addingReplicas [] removingReplicas []. Previous leader epoch was 4. (state.change.logger)
[2022-02-28 19:30:43,126] INFO [Broker id=2] Skipped the become-leader state change after marking its partition as leader with correlation id 3 from controller 1 epoch 9 for partition __consumer_offsets-48 (last update controller epoch 9) since it is already the leader for the partition. (state.change.logger)
[2022-02-28 19:30:43,126] INFO [Broker id=2] Leader __consumer_offsets-21 starts at leader epoch 6 from offset 3 with high watermark 3 ISR [2] addingReplicas [] removingReplicas []. Previous leader epoch was 4. (state.change.logger)
[2022-02-28 19:30:43,195] INFO [Broker id=2] Skipped the become-leader state change after marking its partition as leader with correlation id 3 from controller 1 epoch 9 for partition __consumer_offsets-21 (last update controller epoch 9) since it is already the leader for the partition. (state.change.logger)
[2022-02-28 19:30:43,196] INFO [Broker id=2] Leader __consumer_offsets-36 starts at leader epoch 6 from offset 5 with high watermark 5 ISR [2] addingReplicas [] removingReplicas []. Previous leader epoch was 4. (state.change.logger)
[2022-02-28 19:30:43,370] INFO [Broker id=2] Skipped the become-leader state change after marking its partition as leader with correlation id 3 from controller 1 epoch 9 for partition __consumer_offsets-36 (last update controller epoch 9) since it is already the leader for the partition. (state.change.logger)
[2022-02-28 19:30:43,370] INFO [Broker id=2] Leader __consumer_offsets-6 starts at leader epoch 6 from offset 6 with high watermark 6 ISR [2] addingReplicas [] removingReplicas []. Previous leader epoch was 4. (state.change.logger)
[2022-02-28 19:30:43,548] INFO [Broker id=2] Skipped the become-leader state change after marking its partition as leader with correlation id 3 from controller 1 epoch 9 for partition __consumer_offsets-6 (last update controller epoch 9) since it is already the leader for the partition. (state.change.logger)
[2022-02-28 19:30:43,548] INFO [Broker id=2] Leader __consumer_offsets-45 starts at leader epoch 6 from offset 0 with high watermark 0 ISR [2] addingReplicas [] removingReplicas []. Previous leader epoch was 4. (state.change.logger)
[2022-02-28 19:30:44,087] INFO [Broker id=2] Skipped the become-leader state change after marking its partition as leader with correlation id 3 from controller 1 epoch 9 for partition __consumer_offsets-45 (last update controller epoch 9) since it is already the leader for the partition. (state.change.logger)
[2022-02-28 19:30:44,088] INFO [Broker id=2] Leader __consumer_offsets-15 starts at leader epoch 6 from offset 0 with high watermark 0 ISR [2] addingReplicas [] removingReplicas []. Previous leader epoch was 4. (state.change.logger)
[2022-02-28 19:30:44,326] INFO [Broker id=2] Skipped the become-leader state change after marking its partition as leader with correlation id 3 from controller 1 epoch 9 for partition __consumer_offsets-15 (last update controller epoch 9) since it is already the leader for the partition. (state.change.logger)
[2022-02-28 19:30:44,326] INFO [Broker id=2] Leader __consumer_offsets-30 starts at leader epoch 6 from offset 11 with high watermark 11 ISR [2] addingReplicas [] removingReplicas []. Previous leader epoch was 4. (state.change.logger)
[2022-02-28 19:30:44,573] INFO [Broker id=2] Skipped the become-leader state change after marking its partition as leader with correlation id 3 from controller 1 epoch 9 for partition __consumer_offsets-30 (last update controller epoch 9) since it is already the leader for the partition. (state.change.logger)
[2022-02-28 19:30:44,573] INFO [Broker id=2] Leader __consumer_offsets-0 starts at leader epoch 6 from offset 0 with high watermark 0 ISR [2] addingReplicas [] removingReplicas []. Previous leader epoch was 4. (state.change.logger)
[2022-02-28 19:30:44,614] INFO [Broker id=2] Skipped the become-leader state change after marking its partition as leader with correlation id 3 from controller 1 epoch 9 for partition __consumer_offsets-0 (last update controller epoch 9) since it is already the leader for the partition. (state.change.logger)
[2022-02-28 19:30:44,614] INFO [Broker id=2] Finished LeaderAndIsr request in 2442ms correlationId 3 from controller 1 for 17 partitions (state.change.logger)
[2022-02-28 19:30:44,636] INFO [Broker id=2] Add 34 partitions and deleted 0 partitions from metadata cache in response to UpdateMetadata request sent by controller 1 epoch 9 with correlation id 4 (state.change.logger)
[2022-02-28 19:30:44,672] INFO [Broker id=2] Add 1 partitions and deleted 0 partitions from metadata cache in response to UpdateMetadata request sent by controller 1 epoch 9 with correlation id 5 (state.change.logger)
[2022-02-28 19:30:44,683] INFO [Broker id=2] Add 2 partitions and deleted 0 partitions from metadata cache in response to UpdateMetadata request sent by controller 1 epoch 9 with correlation id 6 (state.change.logger)
[2022-02-28 19:30:44,684] INFO [Broker id=2] Add 1 partitions and deleted 0 partitions from metadata cache in response to UpdateMetadata request sent by controller 1 epoch 9 with correlation id 7 (state.change.logger)
[2022-02-28 19:30:44,709] INFO [Broker id=2] Add 2 partitions and deleted 0 partitions from metadata cache in response to UpdateMetadata request sent by controller 1 epoch 9 with correlation id 8 (state.change.logger)
